.@2024-02-10-21:27:26: Building file "/content/releases"...
.@2024-02-10-21:27:26: Building file "/content/sponsoring"...
.@2024-02-10-21:27:26: Building file "/content/templates"...
.@2024-02-10-21:27:26: Building file "/content/credits"...
.@2024-02-10-21:27:26: Building file "/content/project"...
.@2024-02-10-21:27:26: Building file "/content/documentation"...
.@2024-02-10-21:27:26: Building file ""...
.@2024-02-10-21:27:26: Building file "/documentation/scaffolding"...
.@2024-02-10-21:27:26: Building file "/documentation/styling"...
.@2024-02-10-21:27:26: Building file "/documentation/icons"...
.@2024-02-10-21:27:26: Building file "/documentation/deployment"...
.@2024-02-10-21:27:26: Building file "/documentation/compilation"...
.@2024-02-10-21:27:26: Building file "/documentation/installation"...
.@2024-02-10-21:27:26: Building file "/documentation/contributing"...
.@2024-02-10-21:27:26: Building file "/documentation/env"...
.@2024-02-10-21:27:26: Building file "/documentation/layouts"...
.@2024-02-10-21:27:26: Building file "/documentation/markdown"...
.@2024-02-10-21:27:26: Building file "/documentation/configuration"...
.@2024-02-10-21:27:26: Building file "/documentation/static-assets"...
.@2024-02-10-21:27:26: Building file "/documentation/data"...
.@2024-02-10-21:27:26: Building file "/documentation/apis"...
.@2024-02-10-21:27:26: Building SASS!
.@2024-02-10-21:27:26: Creating crawler files.
.@2024-02-10-21:27:26: Generating metadata.
.@2024-02-10-21:27:26: Generating Typescript server file.